<?xml version="1.0" encoding="UTF-8"?>
<!-- Generated by org.testng.reporters.JUnitXMLReporter -->
<testsuite hostname="DESKTOP-QN2N65K" ignored="0" name="Command line test" tests="6" failures="1" timestamp="18 mar 2023 03:00:44 GMT" time="79.2" errors="0">
  <testcase name="getCurrencyConversionQuote" time="2.955" classname="com.test.CurrencyConverterTest"/>
  <testcase name="getCurrencyConversionQuote" time="2.734" classname="com.test.CurrencyConverterTest">
    <failure type="java.lang.AssertionError" message="expected [true] but found [false]">
      <![CDATA[java.lang.AssertionError: expected [true] but found [false]
at com.test.CurrencyConverterTest.verifyConvertedAmount(CurrencyConverterTest.java:91)
at com.test.CurrencyConverterTest.verifyConversionResult(CurrencyConverterTest.java:81)
at com.test.CurrencyConverterTest.getCurrencyConversionQuote(CurrencyConverterTest.java:49)
... Removed 38 stack frames]]>
    </failure>
  </testcase> <!-- getCurrencyConversionQuote -->
  <testcase name="getCurrencyConversionQuote" time="4.218" classname="com.test.CurrencyConverterTest"/>
  <testcase name="getCurrencyConversionQuote" time="2.701" classname="com.test.CurrencyConverterTest"/>
  <testcase name="getCurrencyConversionQuote" time="2.397" classname="com.test.CurrencyConverterTest"/>
  <testcase name="swapCurrencyConversion" time="3.504" classname="com.test.CurrencyConverterTest"/>
</testsuite> <!-- Command line test -->
