<?xml version="1.0" encoding="UTF-8" ?>
<testsuite tests="6" failures="1" name="com.test.CurrencyConverterTest" time="18.484" errors="0" skipped="0">
  <properties>
[...]
</properties>
  <testcase classname="com.test.CurrencyConverterTest" name="getCurrencyConversionQuote" time="2.925"/>
  <testcase classname="com.test.CurrencyConverterTest" name="getCurrencyConversionQuote" time="2.739">
    <failure message="expected [true] but found [false]" type="java.lang.AssertionError">java.lang.AssertionError: expected [true] but found [false]
	at org.testng.Assert.fail(Assert.java:96)
	at org.testng.Assert.failNotEquals(Assert.java:776)
	at org.testng.Assert.assertTrue(Assert.java:44)
	at org.testng.Assert.assertTrue(Assert.java:54)
	at com.test.CurrencyConverterTest.verifyConvertedAmount(CurrencyConverterTest.java:91)
	at com.test.CurrencyConverterTest.verifyConversionResult(CurrencyConverterTest.java:81)
	at com.test.CurrencyConverterTest.getCurrencyConversionQuote(CurrencyConverterTest.java:49)
</failure>
    <system-err>Starting ChromeDriver 111.0.5563.64 (c710e93d5b63b7095afe8c2c17df34408078439d-refs/branch-heads/5563@{#995}) on port 60666
Only local connections are allowed.
Please see https://chromedriver.chromium.org/security-considerations for suggestions on keeping ChromeDriver safe.
ChromeDriver was started successfully.
mar 17, 2023 11:59:41 PM org.openqa.selenium.remote.ProtocolHandshake createSession
INFORMAÇÕES: Detected dialect: W3C
</system-err>
  </testcase>
  <testcase classname="com.test.CurrencyConverterTest" name="getCurrencyConversionQuote" time="4.215"/>
  <testcase classname="com.test.CurrencyConverterTest" name="getCurrencyConversionQuote" time="2.704"/>
  <testcase classname="com.test.CurrencyConverterTest" name="getCurrencyConversionQuote" time="2.396"/>
  <testcase classname="com.test.CurrencyConverterTest" name="swapCurrencyConversion" time="3.505"/>
</testsuite>