<?xml version="1.0" encoding="UTF-8"?>
<testng-results skipped="0" failed="1" ignored="0" total="6" passed="5">
  <reporter-output>
  </reporter-output>
  <suite name="com.test.CurrencyConverterTest" duration-ms="79200" started-at="2023-03-18T02:59:25Z" finished-at="2023-03-18T03:00:44Z">
    <groups>
    </groups>
    <test name="Command line test" duration-ms="79200" started-at="2023-03-18T02:59:25Z" finished-at="2023-03-18T03:00:44Z">
      <class name="com.test.CurrencyConverterTest">
        <test-method status="PASS" signature="setUp()[pri:0, instance:com.test.CurrencyConverterTest@c540f5a]" name="setUp" is-config="true" duration-ms="9717" started-at="2023-03-18T02:59:25Z" finished-at="2023-03-18T02:59:35Z">
          <reporter-output>
          </reporter-output>
        </test-method> <!-- setUp -->
        <test-method status="PASS" signature="getCurrencyConversionQuote(java.lang.Double, java.lang.String, java.lang.String)[pri:0, instance:com.test.CurrencyConverterTest@c540f5a]" name="getCurrencyConversionQuote" duration-ms="2955" started-at="2023-03-18T02:59:35Z" data-provider="test1" finished-at="2023-03-18T02:59:38Z">
          <params>
            <param index="0">
              <value>
                <![CDATA[10000.0]]>
              </value>
            </param>
            <param index="1">
              <value>
                <![CDATA[USD]]>
              </value>
            </param>
            <param index="2">
              <value>
                <![CDATA[GBP]]>
              </value>
            </param>
          </params>
          <reporter-output>
          </reporter-output>
        </test-method> <!-- getCurrencyConversionQuote -->
        <test-method status="PASS" signature="closeWebDriver()[pri:0, instance:com.test.CurrencyConverterTest@c540f5a]" name="closeWebDriver" is-config="true" duration-ms="749" started-at="2023-03-18T02:59:38Z" finished-at="2023-03-18T02:59:39Z">
          <reporter-output>
          </reporter-output>
        </test-method> <!-- closeWebDriver -->
        <test-method status="PASS" signature="setUp()[pri:0, instance:com.test.CurrencyConverterTest@c540f5a]" name="setUp" is-config="true" duration-ms="9300" started-at="2023-03-18T02:59:39Z" finished-at="2023-03-18T02:59:48Z">
          <reporter-output>
          </reporter-output>
        </test-method> <!-- setUp -->
        <test-method status="FAIL" signature="getCurrencyConversionQuote(java.lang.Double, java.lang.String, java.lang.String)[pri:0, instance:com.test.CurrencyConverterTest@c540f5a]" name="getCurrencyConversionQuote" duration-ms="2734" started-at="2023-03-18T02:59:48Z" data-provider="test1" finished-at="2023-03-18T02:59:51Z">
          <params>
            <param index="0">
              <value>
                <![CDATA[11000.0]]>
              </value>
            </param>
            <param index="1">
              <value>
                <![CDATA[EUR]]>
              </value>
            </param>
            <param index="2">
              <value>
                <![CDATA[GBP]]>
              </value>
            </param>
          </params>
          <exception class="java.lang.AssertionError">
            <message>
              <![CDATA[expected [true] but found [false]]]>
            </message>
            <full-stacktrace>
              <![CDATA[java.lang.AssertionError: expected [true] but found [false]
at org.testng.Assert.fail(Assert.java:96)
at org.testng.Assert.failNotEquals(Assert.java:776)
at org.testng.Assert.assertTrue(Assert.java:44)
at org.testng.Assert.assertTrue(Assert.java:54)
at com.test.CurrencyConverterTest.verifyConvertedAmount(CurrencyConverterTest.java:91)
at com.test.CurrencyConverterTest.verifyConversionResult(CurrencyConverterTest.java:81)
at com.test.CurrencyConverterTest.getCurrencyConversionQuote(CurrencyConverterTest.java:49)
at sun.reflect.NativeMethodAccessorImpl.invoke0(Native Method)
at sun.reflect.NativeMethodAccessorImpl.invoke(NativeMethodAccessorImpl.java:62)
at sun.reflect.DelegatingMethodAccessorImpl.invoke(DelegatingMethodAccessorImpl.java:43)
at java.lang.reflect.Method.invoke(Method.java:498)
at org.testng.internal.MethodInvocationHelper.invokeMethod(MethodInvocationHelper.java:124)
at org.testng.internal.Invoker.invokeMethod(Invoker.java:583)
at org.testng.internal.Invoker.invokeTestMethod(Invoker.java:719)
at org.testng.internal.Invoker.invokeTestMethods(Invoker.java:989)
at org.testng.internal.TestMethodWorker.invokeTestMethods(TestMethodWorker.java:125)
at org.testng.internal.TestMethodWorker.run(TestMethodWorker.java:109)
at org.testng.TestRunner.privateRun(TestRunner.java:648)
at org.testng.TestRunner.run(TestRunner.java:505)
at org.testng.SuiteRunner.runTest(SuiteRunner.java:455)
at org.testng.SuiteRunner.runSequentially(SuiteRunner.java:450)
at org.testng.SuiteRunner.privateRun(SuiteRunner.java:415)
at org.testng.SuiteRunner.run(SuiteRunner.java:364)
at org.testng.SuiteRunnerWorker.runSuite(SuiteRunnerWorker.java:52)
at org.testng.SuiteRunnerWorker.run(SuiteRunnerWorker.java:84)
at org.testng.TestNG.runSuitesSequentially(TestNG.java:1208)
at org.testng.TestNG.runSuitesLocally(TestNG.java:1137)
at org.testng.TestNG.runSuites(TestNG.java:1049)
at org.testng.TestNG.run(TestNG.java:1017)
at org.apache.maven.surefire.testng.TestNGExecutor.run(TestNGExecutor.java:77)
at org.apache.maven.surefire.testng.TestNGDirectoryTestSuite.execute(TestNGDirectoryTestSuite.java:110)
at org.apache.maven.surefire.testng.TestNGProvider.invoke(TestNGProvider.java:106)
at sun.reflect.NativeMethodAccessorImpl.invoke0(Native Method)
at sun.reflect.NativeMethodAccessorImpl.invoke(NativeMethodAccessorImpl.java:62)
at sun.reflect.DelegatingMethodAccessorImpl.invoke(DelegatingMethodAccessorImpl.java:43)
at java.lang.reflect.Method.invoke(Method.java:498)
at org.apache.maven.surefire.util.ReflectionUtils.invokeMethodWithArray(ReflectionUtils.java:189)
at org.apache.maven.surefire.booter.ProviderFactory$ProviderProxy.invoke(ProviderFactory.java:165)
at org.apache.maven.surefire.booter.ProviderFactory.invokeProvider(ProviderFactory.java:85)
at org.apache.maven.surefire.booter.ForkedBooter.runSuitesInProcess(ForkedBooter.java:115)
at org.apache.maven.surefire.booter.ForkedBooter.main(ForkedBooter.java:75)
]]>
            </full-stacktrace>
          </exception> <!-- java.lang.AssertionError -->
          <reporter-output>
          </reporter-output>
        </test-method> <!-- getCurrencyConversionQuote -->
        <test-method status="PASS" signature="closeWebDriver()[pri:0, instance:com.test.CurrencyConverterTest@c540f5a]" name="closeWebDriver" is-config="true" duration-ms="774" started-at="2023-03-18T02:59:51Z" finished-at="2023-03-18T02:59:51Z">
          <reporter-output>
          </reporter-output>
        </test-method> <!-- closeWebDriver -->
        <test-method status="PASS" signature="setUp()[pri:0, instance:com.test.CurrencyConverterTest@c540f5a]" name="setUp" is-config="true" duration-ms="9316" started-at="2023-03-18T02:59:51Z" finished-at="2023-03-18T03:00:01Z">
          <reporter-output>
          </reporter-output>
        </test-method> <!-- setUp -->
        <test-method status="PASS" signature="getCurrencyConversionQuote(java.lang.Double, java.lang.String, java.lang.String)[pri:0, instance:com.test.CurrencyConverterTest@c540f5a]" name="getCurrencyConversionQuote" duration-ms="4218" started-at="2023-03-18T03:00:01Z" data-provider="test1" finished-at="2023-03-18T03:00:05Z">
          <params>
            <param index="0">
              <value>
                <![CDATA[12000.0]]>
              </value>
            </param>
            <param index="1">
              <value>
                <![CDATA[CAD]]>
              </value>
            </param>
            <param index="2">
              <value>
                <![CDATA[GBP]]>
              </value>
            </param>
          </params>
          <reporter-output>
          </reporter-output>
        </test-method> <!-- getCurrencyConversionQuote -->
        <test-method status="PASS" signature="closeWebDriver()[pri:0, instance:com.test.CurrencyConverterTest@c540f5a]" name="closeWebDriver" is-config="true" duration-ms="713" started-at="2023-03-18T03:00:05Z" finished-at="2023-03-18T03:00:06Z">
          <reporter-output>
          </reporter-output>
        </test-method> <!-- closeWebDriver -->
        <test-method status="PASS" signature="setUp()[pri:0, instance:com.test.CurrencyConverterTest@c540f5a]" name="setUp" is-config="true" duration-ms="9160" started-at="2023-03-18T03:00:06Z" finished-at="2023-03-18T03:00:15Z">
          <reporter-output>
          </reporter-output>
        </test-method> <!-- setUp -->
        <test-method status="PASS" signature="getCurrencyConversionQuote(java.lang.Double, java.lang.String, java.lang.String)[pri:0, instance:com.test.CurrencyConverterTest@c540f5a]" name="getCurrencyConversionQuote" duration-ms="2701" started-at="2023-03-18T03:00:15Z" data-provider="test1" finished-at="2023-03-18T03:00:17Z">
          <params>
            <param index="0">
              <value>
                <![CDATA[13000.0]]>
              </value>
            </param>
            <param index="1">
              <value>
                <![CDATA[AUD]]>
              </value>
            </param>
            <param index="2">
              <value>
                <![CDATA[CHF]]>
              </value>
            </param>
          </params>
          <reporter-output>
          </reporter-output>
        </test-method> <!-- getCurrencyConversionQuote -->
        <test-method status="PASS" signature="closeWebDriver()[pri:0, instance:com.test.CurrencyConverterTest@c540f5a]" name="closeWebDriver" is-config="true" duration-ms="752" started-at="2023-03-18T03:00:17Z" finished-at="2023-03-18T03:00:18Z">
          <reporter-output>
          </reporter-output>
        </test-method> <!-- closeWebDriver -->
        <test-method status="PASS" signature="setUp()[pri:0, instance:com.test.CurrencyConverterTest@c540f5a]" name="setUp" is-config="true" duration-ms="9433" started-at="2023-03-18T03:00:18Z" finished-at="2023-03-18T03:00:28Z">
          <reporter-output>
          </reporter-output>
        </test-method> <!-- setUp -->
        <test-method status="PASS" signature="getCurrencyConversionQuote(java.lang.Double, java.lang.String, java.lang.String)[pri:0, instance:com.test.CurrencyConverterTest@c540f5a]" name="getCurrencyConversionQuote" duration-ms="2397" started-at="2023-03-18T03:00:28Z" data-provider="test1" finished-at="2023-03-18T03:00:30Z">
          <params>
            <param index="0">
              <value>
                <![CDATA[14000.0]]>
              </value>
            </param>
            <param index="1">
              <value>
                <![CDATA[NOK]]>
              </value>
            </param>
            <param index="2">
              <value>
                <![CDATA[CHF]]>
              </value>
            </param>
          </params>
          <reporter-output>
          </reporter-output>
        </test-method> <!-- getCurrencyConversionQuote -->
        <test-method status="PASS" signature="closeWebDriver()[pri:0, instance:com.test.CurrencyConverterTest@c540f5a]" name="closeWebDriver" is-config="true" duration-ms="684" started-at="2023-03-18T03:00:30Z" finished-at="2023-03-18T03:00:31Z">
          <reporter-output>
          </reporter-output>
        </test-method> <!-- closeWebDriver -->
        <test-method status="PASS" signature="setUp()[pri:0, instance:com.test.CurrencyConverterTest@c540f5a]" name="setUp" is-config="true" duration-ms="9146" started-at="2023-03-18T03:00:31Z" finished-at="2023-03-18T03:00:40Z">
          <reporter-output>
          </reporter-output>
        </test-method> <!-- setUp -->
        <test-method status="PASS" signature="swapCurrencyConversion(java.lang.Double, java.lang.String, java.lang.String)[pri:0, instance:com.test.CurrencyConverterTest@c540f5a]" name="swapCurrencyConversion" duration-ms="3504" started-at="2023-03-18T03:00:40Z" data-provider="test2" finished-at="2023-03-18T03:00:43Z">
          <params>
            <param index="0">
              <value>
                <![CDATA[10000.0]]>
              </value>
            </param>
            <param index="1">
              <value>
                <![CDATA[USD]]>
              </value>
            </param>
            <param index="2">
              <value>
                <![CDATA[GBP]]>
              </value>
            </param>
          </params>
          <reporter-output>
          </reporter-output>
        </test-method> <!-- swapCurrencyConversion -->
        <test-method status="PASS" signature="closeWebDriver()[pri:0, instance:com.test.CurrencyConverterTest@c540f5a]" name="closeWebDriver" is-config="true" duration-ms="736" started-at="2023-03-18T03:00:43Z" finished-at="2023-03-18T03:00:44Z">
          <reporter-output>
          </reporter-output>
        </test-method> <!-- closeWebDriver -->
      </class> <!-- com.test.CurrencyConverterTest -->
    </test> <!-- Command line test -->
  </suite> <!-- com.test.CurrencyConverterTest -->
</testng-results>
